# JRE version: Java(TM) SE Runtime Environment (12.0.2+10) (build 12.0.2+10)
# Java VM: Java HotSpot(TM) 64-Bit Server VM (12.0.2+10, mixed mode, sharing, tiered, compressed oops, g1 gc, linux-amd64)
Heap:
 garbage-first heap   total 461824K, used 138863K [0x00000000c0000000, 0x0000000100000000)
  region size 1024K, 13 young (13312K), 13 survivors (13312K)
 Metaspace       used 39739K, capacity 41896K, committed 42112K, reserved 1087488K
  class space    used 4085K, capacity 4923K, committed 4992K, reserved 1048576K
GC Heap History (10 events):
Event: 8.384 GC heap after
{Heap after GC invocations=27 (full 0):
 garbage-first heap   total 180224K, used 77545K [0x00000000c0000000, 0x0000000100000000)
  region size 1024K, 8 young (8192K), 8 survivors (8192K)
 Metaspace       used 39733K, capacity 41896K, committed 42112K, reserved 1087488K
  class space    used 4084K, capacity 4923K, committed 4992K, reserved 1048576K
}
Event: 8.609 GC heap before
{Heap before GC invocations=27 (full 0):
 garbage-first heap   total 180224K, used 137961K [0x00000000c0000000, 0x0000000100000000)
  region size 1024K, 67 young (68608K), 8 survivors (8192K)
 Metaspace       used 39733K, capacity 41896K, committed 42112K, reserved 1087488K
  class space    used 4084K, capacity 4923K, committed 4992K, reserved 1048576K
}
Event: 8.634 GC heap after
{Heap after GC invocations=28 (full 0):
 garbage-first heap   total 314368K, used 85026K [0x00000000c0000000, 0x0000000100000000)
  region size 1024K, 7 young (7168K), 7 survivors (7168K)
 Metaspace       used 39733K, capacity 41896K, committed 42112K, reserved 1087488K
  class space    used 4084K, capacity 4923K, committed 4992K, reserved 1048576K
}
Event: 9.239 GC heap before
{Heap before GC invocations=28 (full 0):
 garbage-first heap   total 314368K, used 182306K [0x00000000c0000000, 0x0000000100000000)
  region size 1024K, 102 young (104448K), 7 survivors (7168K)
 Metaspace       used 39733K, capacity 41896K, committed 42112K, reserved 1087488K
  class space    used 4084K, capacity 4923K, committed 4992K, reserved 1048576K
}
Event: 9.276 GC heap after
{Heap after GC invocations=29 (full 0):
 garbage-first heap   total 314368K, used 95594K [0x00000000c0000000, 0x0000000100000000)
  region size 1024K, 13 young (13312K), 13 survivors (13312K)
 Metaspace       used 39733K, capacity 41896K, committed 42112K, reserved 1087488K
  class space    used 4084K, capacity 4923K, committed 4992K, reserved 1048576K
}
Event: 9.758 GC heap before
{Heap before GC invocations=29 (full 0):
 garbage-first heap   total 314368K, used 211306K [0x00000000c0000000, 0x0000000100000000)
  region size 1024K, 122 young (124928K), 13 survivors (13312K)
 Metaspace       used 39733K, capacity 41896K, committed 42112K, reserved 1087488K
  class space    used 4084K, capacity 4923K, committed 4992K, reserved 1048576K
}
Event: 9.821 GC heap after
{Heap after GC invocations=30 (full 0):
 garbage-first heap   total 314368K, used 113263K [0x00000000c0000000, 0x0000000100000000)
  region size 1024K, 13 young (13312K), 13 survivors (13312K)
 Metaspace       used 39733K, capacity 41896K, committed 42112K, reserved 1087488K
  class space    used 4084K, capacity 4923K, committed 4992K, reserved 1048576K
}
Event: 10.169 GC heap before
{Heap before GC invocations=30 (full 0):
 garbage-first heap   total 314368K, used 227951K [0x00000000c0000000, 0x0000000100000000)
  region size 1024K, 125 young (128000K), 13 survivors (13312K)
 Metaspace       used 39734K, capacity 41896K, committed 42112K, reserved 1087488K
  class space    used 4084K, capacity 4923K, committed 4992K, reserved 1048576K
}
Event: 10.221 GC heap after
{Heap after GC invocations=31 (full 0):
 garbage-first heap   total 314368K, used 125551K [0x00000000c0000000, 0x0000000100000000)
  region size 1024K, 13 young (13312K), 13 survivors (13312K)
 Metaspace       used 39734K, capacity 41896K, committed 42112K, reserved 1087488K
  class space    used 4084K, capacity 4923K, committed 4992K, reserved 1048576K
}
Event: 10.628 GC heap before
{Heap before GC invocations=31 (full 0):
 garbage-first heap   total 314368K, used 238191K [0x00000000c0000000, 0x0000000100000000)
  region size 1024K, 123 young (125952K), 13 survivors (13312K)
 Metaspace       used 39739K, capacity 41896K, committed 42112K, reserved 1087488K
  class space    used 4085K, capacity 4923K, committed 4992K, reserved 1048576K
}

